2024-01-03 23:14:26,815: CRITICAL - Can't connect to server on 'localhost' (10061)
2024-01-03 23:14:56,677: INFO - [Random, 120, 0, 0] ---> Validated.
2024-01-03 23:14:56,737: INFO - User [Random] authentication successful.
2024-01-03 23:14:56,746: ERROR - [Errno 2] No such file or directory: 'b6000b5c-f4b1-494e-b32f-92803828e6ca_Random_progress.json'
2024-01-03 23:16:39,006: INFO - [Random, 120, 0, 0] ---> Validated.
2024-01-03 23:16:39,008: INFO - User [Random] authentication successful.
2024-01-03 23:22:08,386: HandleLogger - INFO - [Random, 120, 0, 0] ---> Validated.
2024-01-03 23:22:08,388: HandleLogger - INFO - User [Random] authentication successful.
2024-01-03 23:22:34,065: MainLogger - CRITICAL - Can't connect to server on 'localhost' (10061)
2024-01-03 23:24:39,617: HandleLogger - INFO - [Random, 120, 0, 0] ---> Validated.
2024-01-03 23:24:39,625: HandleLogger - INFO - User [Random] authentication successful.
2024-01-03 23:24:53,898: MainLogger - CRITICAL - Can't connect to server on 'localhost' (10061)
2024-01-03 23:27:09,557: HandleLogger - INFO - [Random, 120, 0, 0] ---> Validated.
2024-01-03 23:27:09,563: HandleLogger - INFO - User [Random] authentication successful.
2024-01-03 23:27:14,289: HandleLogger - INFO - [Random, 120, 0, 0] ---> Validated.
2024-01-03 23:27:14,291: HandleLogger - INFO - User [Random] authentication successful.
2024-01-03 23:27:14,293: HandleLogger - ERROR - [Errno 2] No such file or directory: 'b6000b5c-f4b1-494e-b32f-92803828e6ca_Random_progress.json'
2024-01-03 23:27:37,047: HandleLogger - INFO - [Random, 120, 0, 0] ---> Validated.
2024-01-03 23:27:37,050: HandleLogger - INFO - User [Random] authentication successful.
2024-01-03 23:27:37,051: HandleLogger - ERROR - [Errno 2] No such file or directory: 'b6000b5c-f4b1-494e-b32f-92803828e6ca_Random_progress.json'
2024-01-03 23:27:58,973: HandleLogger - INFO - [Random, 120, 0, 0] ---> Validated.
2024-01-03 23:27:58,975: HandleLogger - INFO - User [Random] authentication successful.
2024-01-03 23:27:58,977: HandleLogger - ERROR - [Errno 2] No such file or directory: 'b6000b5c-f4b1-494e-b32f-92803828e6ca_Random_progress.json'
2024-01-03 23:28:18,891: HandleLogger - INFO - [Random, 120, 0, 0] ---> Validated.
2024-01-03 23:28:18,894: HandleLogger - INFO - User [Random] authentication successful.
2024-01-03 23:28:18,896: HandleLogger - ERROR - [Errno 2] No such file or directory: 'b6000b5c-f4b1-494e-b32f-92803828e6ca_Random_progress.json'
2024-01-03 23:29:29,572: HandleLogger - INFO - [Random, 120, 0, 0] ---> Validated.
2024-01-03 23:29:29,574: HandleLogger - INFO - User [Random] authentication successful.
2024-01-03 23:29:29,577: HandleLogger - ERROR - [Errno 2] No such file or directory: 'b6000b5c-f4b1-494e-b32f-92803828e6ca_Random_progress.json'
2024-01-03 23:31:04,470: HandleLogger - INFO - [Random, 120, 0, 0] ---> Validated.
2024-01-03 23:31:04,472: HandleLogger - INFO - User [Random] authentication successful.
2024-01-03 23:31:04,474: HandleLogger - ERROR - [Errno 2] No such file or directory: 'b6000b5c-f4b1-494e-b32f-92803828e6ca_Random_progress.json'
2024-01-03 23:31:17,370: HandleLogger - INFO - [Random, 120, 0, 0] ---> Validated.
2024-01-03 23:31:17,372: HandleLogger - INFO - User [Random] authentication successful.
2024-01-03 23:31:17,373: HandleLogger - ERROR - [Errno 2] No such file or directory: 'b6000b5c-f4b1-494e-b32f-92803828e6ca_Random_progress.json'
2024-01-03 23:31:37,592: HandleLogger - INFO - [Random, 120, 0, 0] ---> Validated.
2024-01-03 23:31:37,594: HandleLogger - INFO - User [Random] authentication successful.
2024-01-03 23:31:37,595: HandleLogger - ERROR - [Errno 2] No such file or directory: 'b6000b5c-f4b1-494e-b32f-92803828e6ca_Random_progress.json'
2024-01-03 23:38:48,889: HandleLogger - INFO - [Random, 120, 0, 0] ---> Validated.
2024-01-03 23:38:48,890: HandleLogger - INFO - User [Random] authentication successful.
2024-01-03 23:39:27,704: HandleLogger - INFO - [Random, 120, 0, 0] ---> Validated.
2024-01-03 23:39:27,705: HandleLogger - INFO - User [Random] authentication successful.
2024-01-03 23:40:31,155: HandleLogger - INFO - [Random, 120, 0, 0] ---> Validated.
2024-01-03 23:40:31,157: HandleLogger - INFO - User [Random] authentication successful.
2024-01-03 23:40:44,106: HandleLogger - INFO - [Random, 120, 0, 0] ---> Validated.
2024-01-03 23:40:44,108: HandleLogger - INFO - User [Random] authentication successful.
2024-01-03 23:41:09,296: HandleLogger - INFO - [Random, 120, 0, 0] ---> Validated.
2024-01-03 23:41:09,298: HandleLogger - INFO - User [Random] authentication successful.
2024-01-03 23:46:21,722: HandleLogger - INFO - [Random, 120, 0, 0] ---> Validated.
2024-01-03 23:46:21,725: HandleLogger - INFO - User [Random] authentication successful.
2024-01-03 23:46:59,156: HandleLogger - INFO - [Random, 100, 20, 0] ---> Validated.
2024-01-03 23:46:59,158: HandleLogger - INFO - User [Random] authentication successful.
2024-01-03 23:47:36,649: HandleLogger - INFO - [Random, 100, 20, 0] ---> Validated.
2024-01-03 23:47:36,652: HandleLogger - INFO - User [Random] authentication successful.
2024-01-03 23:49:28,132: HandleLogger - INFO - [Random, 100, 20, 0] ---> Validated.
2024-01-03 23:49:28,134: HandleLogger - INFO - User [Random] authentication successful.
2024-01-03 23:52:51,541: HandleLogger - INFO - [Random, 100, 20, 0] ---> Validated.
2024-01-03 23:52:51,543: HandleLogger - INFO - User [Random] authentication successful.
2024-01-03 23:55:26,202: HandleLogger - INFO - [Random, 100, 20, 0] ---> Validated.
2024-01-03 23:55:26,204: HandleLogger - INFO - User [Random] authentication successful.
2024-01-03 23:55:53,499: HandleLogger - INFO - [Random, 100, 20, 0] ---> Validated.
2024-01-03 23:55:53,502: HandleLogger - INFO - User [Random] authentication successful.
2024-01-03 23:56:30,812: HandleLogger - INFO - [Random, 100, 20, 0] ---> Validated.
2024-01-03 23:56:30,814: HandleLogger - INFO - User [Random] authentication successful.
2024-01-03 23:56:41,007: HandleLogger - INFO - [Random, 100, 20, 0] ---> Validated.
2024-01-03 23:56:41,009: HandleLogger - INFO - User [Random] authentication successful.
2024-01-03 23:57:00,044: HandleLogger - INFO - [Random, 100, 20, 0] ---> Validated.
2024-01-03 23:57:00,046: HandleLogger - INFO - User [Random] authentication successful.
2024-01-03 23:57:14,692: HandleLogger - INFO - [Random, 0, 20, 100] ---> Validated.
2024-01-03 23:57:14,695: HandleLogger - INFO - User [Random] authentication successful.
2024-01-03 23:59:56,116: HandleLogger - INFO - [Random, 0, 20, 100] ---> Validated.
2024-01-03 23:59:56,118: HandleLogger - INFO - User [Random] authentication successful.
