2024-01-06 00:00:16,295: HandleLogger - INFO - [Sunil, 0, 80, 40] ---> Validated.
2024-01-06 00:00:16,296: HandleLogger - INFO - User [Sunil] authentication successful.
2024-01-06 00:00:58,564: HandleLogger - INFO - [Sunil, 0, 80, 40] ---> Validated.
2024-01-06 00:00:58,565: HandleLogger - INFO - User [Sunil] authentication successful.
2024-01-06 00:00:58,568: MainLogger - CRITICAL - keys must be str, int, float, bool or None, not UUID
2024-01-06 00:01:29,612: HandleLogger - INFO - [Sunil, 0, 80, 40] ---> Validated.
2024-01-06 00:01:29,614: HandleLogger - INFO - User [Sunil] authentication successful.
2024-01-06 00:01:50,609: HandleLogger - INFO - [Sunil, 0, 80, 40] ---> Validated.
2024-01-06 00:01:50,612: HandleLogger - INFO - User [Sunil] authentication successful.
2024-01-06 00:02:15,075: HandleLogger - INFO - [Sunil, 0, 80, 40] ---> Validated.
2024-01-06 00:02:15,077: HandleLogger - INFO - User [Sunil] authentication successful.
2024-01-06 00:02:44,898: HandleLogger - INFO - [Sunil, 0, 80, 40] ---> Validated.
2024-01-06 00:02:44,900: HandleLogger - INFO - User [Sunil] authentication successful.
2024-01-06 00:03:55,258: HandleLogger - INFO - [Sunil, 0, 80, 40] ---> Validated.
2024-01-06 00:04:25,418: HandleLogger - INFO - [Sunil, 0, 80, 40] ---> Validated.
2024-01-06 00:04:56,881: HandleLogger - INFO - [Sunil, 0, 80, 40] ---> Validated.
2024-01-06 00:05:32,910: HandleLogger - INFO - [Sunil, 0, 80, 40] ---> Validated.
2024-01-06 00:05:57,383: HandleLogger - INFO - [Sunil, 0, 80, 40] ---> Validated.
2024-01-06 00:06:21,523: HandleLogger - INFO - [Sunil, 0, 80, 40] ---> Validated.
2024-01-06 00:06:45,407: HandleLogger - INFO - [Sunil, 0, 80, 40] ---> Validated.
2024-01-06 00:07:04,580: HandleLogger - INFO - [Sunil, 0, 80, 40] ---> Validated.
2024-01-06 00:07:11,010: HandleLogger - INFO - [Sunil, 0, 80, 40] ---> Validated.
2024-01-06 00:07:53,159: HandleLogger - INFO - [Sunil, 0, 80, 40] ---> Validated.
2024-01-06 00:08:56,870: HandleLogger - INFO - [Sunil, 0, 80, 40] ---> Validated.
2024-01-06 00:09:24,515: HandleLogger - INFO - [Sunil, 0, 80, 40] ---> Validated.
2024-01-06 00:09:59,004: HandleLogger - INFO - [Sunil, 0, 80, 40] ---> Validated.
2024-01-06 00:13:21,314: HandleLogger - INFO - [Sunil, 0, 80, 40] ---> Validated.
2024-01-06 00:13:50,221: HandleLogger - INFO - [Sunil, 0, 80, 40] ---> Validated.
2024-01-06 00:14:13,232: HandleLogger - INFO - [Sunil, 0, 80, 40] ---> Validated.
2024-01-06 00:14:33,294: HandleLogger - INFO - [Sunil, 0, 80, 40] ---> Validated.
2024-01-06 00:16:12,770: HandleLogger - INFO - [Sunil, 0, 80, 40] ---> Validated.
2024-01-06 00:16:39,108: HandleLogger - INFO - [Sunil, 0, 80, 40] ---> Validated.
2024-01-06 00:16:47,509: HandleLogger - INFO - [Sunil, 0, 80, 40] ---> Validated.
2024-01-06 00:17:46,178: HandleLogger - INFO - [Sunil, 0, 80, 40] ---> Validated.
2024-01-06 00:18:36,432: HandleLogger - INFO - [Sunil, 0, 80, 40] ---> Validated.
2024-01-06 00:18:36,434: HandleLogger - INFO - User [Sunil] - assigned cryptographic data.
2024-01-06 00:18:36,436: HandleLogger - INFO - User [Sunil] authentication successful.
2024-01-06 00:21:23,031: HandleLogger - INFO - [Sunil, 0, 80, 40] ---> Validated.
2024-01-06 00:22:15,524: HandleLogger - INFO - [Sunil, 0, 80, 40] ---> Validated.
2024-01-06 00:27:30,197: HandleLogger - INFO - [Sunil, 0, 80, 40] ---> Validated.
2024-01-06 00:28:37,196: HandleLogger - INFO - [Sunil, 0, 80, 40] ---> Validated.
2024-01-06 00:28:52,651: HandleLogger - INFO - [Sunil, 0, 80, 40] ---> Validated.
2024-01-06 00:29:22,450: HandleLogger - INFO - [Sunil, 0, 80, 40] ---> Validated.
2024-01-06 00:31:03,201: HandleLogger - INFO - [Sunil, 0, 80, 40] ---> Validated.
2024-01-06 00:31:22,820: HandleLogger - INFO - [Sunil, 0, 80, 40] ---> Validated.
2024-01-06 00:31:58,413: HandleLogger - INFO - [Sunil, 0, 80, 40] ---> Validated.
2024-01-06 00:32:29,957: HandleLogger - INFO - [Sunil, 0, 80, 40] ---> Validated.
2024-01-06 00:32:59,462: HandleLogger - INFO - [Sunil, 0, 80, 40] ---> Validated.
2024-01-06 00:37:23,348: HandleLogger - INFO - [Sunil, 0, 80, 40] ---> Validated.
2024-01-06 00:38:27,740: HandleLogger - INFO - [Sunil, 0, 80, 40] ---> Validated.
2024-01-06 00:39:21,372: HandleLogger - INFO - [Sunil, 0, 80, 40] ---> Validated.
2024-01-06 00:39:57,897: HandleLogger - INFO - [Sunil, 0, 80, 40] ---> Validated.
2024-01-06 00:47:36,038: HandleLogger - INFO - [Sunil, 0, 80, 40] ---> Validated.
2024-01-06 00:48:35,320: HandleLogger - INFO - [Sunil, 0, 80, 40] ---> Validated.
2024-01-06 00:49:09,003: HandleLogger - INFO - [Sunil, 0, 80, 40] ---> Validated.
2024-01-06 00:49:25,884: HandleLogger - INFO - [Sunil, 0, 80, 40] ---> Validated.
2024-01-06 00:49:42,436: HandleLogger - INFO - [Sunil, 0, 80, 40] ---> Validated.
2024-01-06 00:52:41,592: HandleLogger - INFO - [Sunil, 0, 80, 40] ---> Validated.
2024-01-06 00:52:41,593: HandleLogger - INFO - User [Sunil] - assigned cryptographic data.
2024-01-06 00:52:41,594: HandleLogger - INFO - User [Sunil] authentication successful.
2024-01-06 00:53:47,781: HandleLogger - INFO - [Sunil, 0, 80, 40] ---> Validated.
2024-01-06 00:53:47,783: HandleLogger - INFO - User [Sunil] authentication successful.
2024-01-06 00:54:13,417: HandleLogger - INFO - [Sunil, 0, 80, 40] ---> Validated.
2024-01-06 00:54:13,419: HandleLogger - INFO - User [Sunil] - assigned cryptographic data.
2024-01-06 00:54:13,420: HandleLogger - INFO - User [Sunil] authentication successful.
2024-01-06 00:55:04,625: HandleLogger - INFO - [Sunil, 0, 80, 40] ---> Validated.
2024-01-06 00:55:26,400: HandleLogger - INFO - [Sunil, 0, 80, 40] ---> Validated.
2024-01-06 00:59:35,237: HandleLogger - INFO - [Sunil, 0, 80, 40] ---> Validated.
2024-01-06 00:59:35,241: MainLogger - CRITICAL - You have an error in your SQL syntax; check the manual that corresponds to your MariaDB server version for the right syntax to use near '\xcbw\xd9Z\xd6\x08NG\xe8y\x18\\\xe0i\xf1\x05pdy\x8d\x90@\x82\xe5\xe8\xdc\xa7\x8e' at line 2
2024-01-06 01:00:44,398: HandleLogger - INFO - [Sunil, 0, 80, 40] ---> Validated.
2024-01-06 01:01:37,588: HandleLogger - INFO - [Sunil, 0, 80, 40] ---> Validated.
2024-01-06 01:01:37,591: HandleLogger - INFO - User [Sunil] authentication successful.
