2024-01-13 14:41:59,987: QueryLogger - INFO - Proceeding with [default] local database [sqlite3].
2024-01-13 14:41:59,992: ClassDataHandler - INFO - Existing path found: [E:\Data\1.Python\3.EXPERT\1.OOP\progression_tracker_OOP_V2/user_keys/]
2024-01-13 14:41:59,993: ClassDataHandler - INFO - Existing path found: [E:\Data\1.Python\3.EXPERT\1.OOP\progression_tracker_OOP_V2/user_data/]
2024-01-13 14:41:59,993: HandleLogger - INFO - [test_user] existing user found.
2024-01-13 14:41:59,993: HandleLogger - WARNING - User [test_user] authentication unsuccessful.
2024-01-13 14:45:10,341: QueryInfoLogger - INFO - Proceeding with [alternate] foreign database [mariadb].
2024-01-13 14:45:10,344: ClassDataHandler - INFO - Existing path found: [E:\Data\1.Python\3.EXPERT\1.OOP\progression_tracker_OOP_V2/user_keys/]
2024-01-13 14:45:10,347: ClassDataHandler - INFO - Existing path found: [E:\Data\1.Python\3.EXPERT\1.OOP\progression_tracker_OOP_V2/user_data/]
2024-01-13 14:45:10,349: CryptoHandleLogger - INFO - salt bin created.
2024-01-13 14:45:10,349: HandleLogger - INFO - [test_user] - cryptodata assigned.
2024-01-13 14:45:10,352: HandleLogger - INFO - [test_user] existing user found.
2024-01-13 14:45:10,354: HandleLogger - INFO - User [test_user] authentication successful.
2024-01-13 14:45:16,600: QueryInfoLogger - INFO - Proceeding with [alternate] foreign database [mariadb].
2024-01-13 14:45:16,602: ClassDataHandler - INFO - Existing path found: [E:\Data\1.Python\3.EXPERT\1.OOP\progression_tracker_OOP_V2/user_keys/]
2024-01-13 14:45:16,602: ClassDataHandler - INFO - Existing path found: [E:\Data\1.Python\3.EXPERT\1.OOP\progression_tracker_OOP_V2/user_data/]
2024-01-13 14:45:16,604: HandleLogger - INFO - [test_user] existing user found.
2024-01-13 14:45:16,605: HandleLogger - WARNING - User [test_user] authentication unsuccessful.
2024-01-13 14:46:06,309: QueryInfoLogger - INFO - Proceeding with [alternate] foreign database [mariadb].
2024-01-13 14:46:06,310: ClassDataHandler - INFO - Existing path found: [E:\Data\1.Python\3.EXPERT\1.OOP\progression_tracker_OOP_V2/user_keys/]
2024-01-13 14:46:06,310: ClassDataHandler - INFO - Existing path found: [E:\Data\1.Python\3.EXPERT\1.OOP\progression_tracker_OOP_V2/user_data/]
2024-01-13 14:46:06,312: HandleLogger - INFO - [test_user] existing user found.
2024-01-13 14:46:06,312: HandleLogger - WARNING - User [test_user] authentication unsuccessful.
2024-01-13 14:46:23,512: QueryInfoLogger - INFO - Proceeding with [alternate] foreign database [mariadb].
2024-01-13 14:46:23,513: ClassDataHandler - INFO - Existing path found: [E:\Data\1.Python\3.EXPERT\1.OOP\progression_tracker_OOP_V2/user_keys/]
2024-01-13 14:46:23,513: ClassDataHandler - INFO - Existing path found: [E:\Data\1.Python\3.EXPERT\1.OOP\progression_tracker_OOP_V2/user_data/]
2024-01-13 14:46:23,515: HandleLogger - INFO - [test_user] existing user found.
2024-01-13 14:46:23,516: HandleLogger - INFO - User [test_user] authentication successful.
2024-01-13 14:46:23,516: HandleLogger - INFO - progress data string generated from database.
2024-01-13 14:46:23,517: HandleLogger - INFO - Key requested to dump data.
2024-01-13 14:46:23,519: CryptoHandleLogger(ENC) - INFO - Key generated
2024-01-13 14:46:23,520: CryptoHandleLogger(ENC) - INFO - Data bin created.
2024-01-13 14:46:23,520: HandleLogger - INFO - [test_user] - Data bin encrypted.
2024-01-13 14:46:23,521: HandleLogger - INFO - Key requested to load data.
2024-01-13 14:46:23,522: CryptoHandleLogger(DEC) - INFO - Key generated
2024-01-13 14:46:23,523: CryptoHandleLogger(DEC) - INFO - Data retrieved from bin.
2024-01-13 14:46:23,523: HandleLogger - INFO - [test_user] - Data bin decrypted.
2024-01-13 14:46:42,101: QueryInfoLogger - INFO - Proceeding with [alternate] foreign database [mariadb].
2024-01-13 14:46:42,102: ClassDataHandler - INFO - Existing path found: [E:\Data\1.Python\3.EXPERT\1.OOP\progression_tracker_OOP_V2/user_keys/]
2024-01-13 14:46:42,103: ClassDataHandler - INFO - Existing path found: [E:\Data\1.Python\3.EXPERT\1.OOP\progression_tracker_OOP_V2/user_data/]
2024-01-13 14:46:42,107: CryptoHandleLogger - INFO - salt bin created.
2024-01-13 14:46:42,107: HandleLogger - INFO - [test_user_crypto] - cryptodata assigned.
2024-01-13 14:46:42,108: HandleLogger - INFO - [test_user_crypto] existing user found.
2024-01-13 14:46:42,109: HandleLogger - INFO - User [test_user_crypto] authentication successful.
2024-01-13 14:46:42,110: HandleLogger - INFO - progress data string generated from database.
2024-01-13 14:46:42,111: HandleLogger - INFO - Key requested to dump data.
2024-01-13 14:46:42,112: CryptoHandleLogger(ENC) - INFO - Key generated
2024-01-13 14:46:42,113: CryptoHandleLogger(ENC) - INFO - Data bin created.
2024-01-13 14:46:42,113: HandleLogger - INFO - [test_user_crypto] - Data bin encrypted.
2024-01-13 14:46:42,113: HandleLogger - INFO - Key requested to load data.
2024-01-13 14:46:42,114: CryptoHandleLogger(DEC) - INFO - Key generated
2024-01-13 14:46:42,115: CryptoHandleLogger(DEC) - INFO - Data retrieved from bin.
2024-01-13 14:46:42,115: HandleLogger - INFO - [test_user_crypto] - Data bin decrypted.
