2023-12-31 00:01:32,576: INFO - [Amara, 0, 80, 40] ---> Validated.
2023-12-31 00:06:18,742: INFO - [Amara, 0, 80, 40] ---> Validated.
2023-12-31 00:06:23,836: ERROR - (80) should be an integer.
2023-12-31 00:10:52,357: INFO - [Kamal, 60, 0, 60] ---> Validated.
2023-12-31 09:41:17,396: INFO - [Nimal, 100, 0, 20] ---> Validated.
2023-12-31 23:25:28,676: INFO - [User, 0, 0, 120] ---> Validated.
2023-12-31 23:25:28,678: INFO - User [User] authentication successful.
2023-12-31 23:26:14,640: WARNING - Sum of (0,20,120) must be 120.
2023-12-31 23:26:14,642: INFO - User [User] authentication successful.
2023-12-31 23:27:11,030: WARNING - Sum of (0,20,120) must be 120.
2023-12-31 23:27:40,451: WARNING - Sum of (0,20,120) must be 120.
2023-12-31 23:32:20,074: WARNING - Sum of (0,20,120) must be 120.
2023-12-31 23:32:26,089: INFO - [User, 0, 0, 120] ---> Validated.
2023-12-31 23:32:26,091: WARNING - User [User] authentication unsuccessful.
2023-12-31 23:33:14,261: INFO - [Random, 120, 0, 0] ---> Validated.
2023-12-31 23:33:14,263: INFO - User [Random] authentication successful.
2023-12-31 23:33:43,687: INFO - [Random, 120, 0, 0] ---> Validated.
2023-12-31 23:33:43,689: INFO - User [Random] authentication successful.
2023-12-31 23:34:05,444: INFO - [Random, 120, 0, 0] ---> Validated.
2023-12-31 23:34:05,491: INFO - User [Random] authentication successful.
2023-12-31 23:38:22,060: CRITICAL - Can't connect to server on 'localhost' (10061)
2023-12-31 23:41:48,840: CRITICAL - Can't connect to server on 'localhost' (10061)
2023-12-31 23:42:41,341: INFO - [Random, 120, 0, 0] ---> Validated.
2023-12-31 23:42:41,341: INFO - [Random, 120, 0, 0] ---> Validated.
2023-12-31 23:42:41,383: INFO - User [Random] authentication successful.
2023-12-31 23:42:41,383: INFO - User [Random] authentication successful.
2023-12-31 23:43:41,651: INFO - [Random, 120, 0, 0] ---> Validated.
2023-12-31 23:43:41,651: INFO - [Random, 120, 0, 0] ---> Validated.
2023-12-31 23:43:41,653: INFO - User [Random] authentication successful.
2023-12-31 23:43:41,653: INFO - User [Random] authentication successful.
